<?xml version="1.0" encoding="UTF-8"?>
<!-- Generated by org.testng.reporters.JUnitXMLReporter -->
<testsuite ignored="0" hostname="LAPTOP-KJ92U2DL" failures="0" tests="7" name="Test" time="281.346" errors="0" timestamp="2024-11-13T22:27:29 IST">
  <testcase classname="testCase.TC002_SignInTest" name="Verify_SignIn" time="5.094"/>
  <testcase classname="testCase.TC003_SearchProduct" name="verify_ProductSearch" time="2.811"/>
  <testcase classname="testCase.TC004_AddToCartTest" name="addToCart" time="12.595"/>
  <testcase classname="testCase.TC005_ShoppingCartTest" name="shoppingCart" time="28.888"/>
  <testcase classname="testCase.TC006_CheckOutTest" name="Verify_CheckOut" time="63.157"/>
  <testcase classname="testCase.TC007_PaymentTest" name="Verify_Payment" time="70.24"/>
  <testcase classname="testCase.TC008_PlaceOrderTest" name="Verify_PlaceOrder" time="70.262"/>
</testsuite> <!-- Test -->
