<?xml version="1.0" encoding="UTF-8"?>
<testsuite xmlns:xsi="http://www.w3.org/2001/XMLSchema-instance" xsi:noNamespaceSchemaLocation="https://maven.apache.org/surefire/maven-surefire-plugin/xsd/surefire-test-report-3.0.xsd" version="3.0" name="TestSuite" time="283.893" tests="7" errors="0" skipped="0" failures="0">
  <properties>
[...]
</properties>
  <testcase name="Verify_SignIn" classname="testCase.TC002_SignInTest" time="5.105">
    <system-err><![CDATA[Nov 13, 2024 10:22:47 PM org.openqa.selenium.devtools.CdpVersionFinder findNearestMatch
WARNING: Unable to find an exact match for CDP version 130, returning the closest version; found: 129; Please update to a Selenium version that supports CDP version 130
]]></system-err>
  </testcase>
  <testcase name="verify_ProductSearch" classname="testCase.TC003_SearchProduct" time="2.812">
    <system-err><![CDATA[Nov 13, 2024 10:22:56 PM org.openqa.selenium.devtools.CdpVersionFinder findNearestMatch
WARNING: Unable to find an exact match for CDP version 130, returning the closest version; found: 129; Please update to a Selenium version that supports CDP version 130
]]></system-err>
  </testcase>
  <testcase name="addToCart" classname="testCase.TC004_AddToCartTest" time="12.598">
    <system-out><![CDATA[Product 'Women Hand/Sling bag' found in search results
]]></system-out>
    <system-err><![CDATA[Nov 13, 2024 10:23:03 PM org.openqa.selenium.devtools.CdpVersionFinder findNearestMatch
WARNING: Unable to find an exact match for CDP version 130, returning the closest version; found: 129; Please update to a Selenium version that supports CDP version 130
]]></system-err>
  </testcase>
  <testcase name="shoppingCart" classname="testCase.TC005_ShoppingCartTest" time="28.895">
    <system-out><![CDATA[total price is shopping cart:   5,076.00
]]></system-out>
    <system-err><![CDATA[Nov 13, 2024 10:23:19 PM org.openqa.selenium.devtools.CdpVersionFinder findNearestMatch
WARNING: Unable to find an exact match for CDP version 130, returning the closest version; found: 129; Please update to a Selenium version that supports CDP version 130
]]></system-err>
  </testcase>
  <testcase name="Verify_CheckOut" classname="testCase.TC006_CheckOutTest" time="63.167">
    <system-err><![CDATA[Nov 13, 2024 10:23:51 PM org.openqa.selenium.devtools.CdpVersionFinder findNearestMatch
WARNING: Unable to find an exact match for CDP version 130, returning the closest version; found: 129; Please update to a Selenium version that supports CDP version 130
]]></system-err>
  </testcase>
  <testcase name="Verify_Payment" classname="testCase.TC007_PaymentTest" time="70.244">
    <system-err><![CDATA[Nov 13, 2024 10:24:58 PM org.openqa.selenium.devtools.CdpVersionFinder findNearestMatch
WARNING: Unable to find an exact match for CDP version 130, returning the closest version; found: 129; Please update to a Selenium version that supports CDP version 130
]]></system-err>
  </testcase>
  <testcase name="Verify_PlaceOrder" classname="testCase.TC008_PlaceOrderTest" time="70.27">
    <system-out><![CDATA[[[ChromeDriver: chrome on windows (29a973796d70dda718f454290baaf85c)] -> xpath: //h4[@class='a-alert-heading']]
]]></system-out>
    <system-err><![CDATA[Nov 13, 2024 10:26:14 PM org.openqa.selenium.devtools.CdpVersionFinder findNearestMatch
WARNING: Unable to find an exact match for CDP version 130, returning the closest version; found: 129; Please update to a Selenium version that supports CDP version 130
]]></system-err>
  </testcase>
</testsuite>